<?xml version="1.0" encoding="UTF-8" standalone="yes"?>
<testsuites name="MVP Run" time="31" tests="3" failures="0" errors="0">
    <testsuite name="MVP Run" tests="3" failures="0" errors="0" time="31" timestamp="2019-06-14 08:18:06" hostname="root - 1848dcc819b3" id="Test Suites/MVP Run">
        <properties>
            <property name="deviceName" value=""/>
            <property name="devicePlatform" value=""/>
            <property name="logFolder" value="/tmp/katalon_execute/project/Reports/MVP Run/20190614_081804"/>
            <property name="logFiles" value="/tmp/katalon_execute/project/Reports/MVP Run/20190614_081804/execution0.log"/>
            <property name="attachments" value=""/>
            <property name="hostName" value="root - 1848dcc819b3"/>
            <property name="os" value="Linux 64bit"/>
            <property name="katalonVersion" value="6.1.5.3"/>
            <property name="browser" value="Firefox 66.0"/>
            <property name="hostAddress" value="172.17.0.9"/>
            <property name="sessionId" value="828274c8-a387-4aa0-a6b5-0ca7083f60eb"/>
            <property name="seleniumVersion" value="3.7.1"/>
            <property name="proxyInformation" value="ProxyInformation{proxyOption=NO_PROXY, proxyServerType=HTTP, password=, proxyServerAddress=, proxyServerPort=0}"/>
            <property name="platform" value="Linux"/>
        </properties>
        <testcase name="Test Cases/MVP_weather_Testcase1" classname="Test Cases/MVP_weather_Testcase1" status="PASSED">
            <system-out>2019-06-14 08:18:07 - [TEST_CASE][PASSED] - Test Cases/MVP_weather_Testcase1: Test Cases/MVP_weather_Testcase1

2019-06-14 08:18:07 - [TEST_STEP][PASSED] - openBrowser("http://technet-k8s.hds-cloudconnect.com:32000/"): Browser is opened with url: 'http://technet-k8s.hds-cloudconnect.com:32000/'

2019-06-14 08:18:08 - [MESSAGE][INFO] - Starting 'Firefox' driver

2019-06-14 08:18:08 - [MESSAGE][INFO] - Action delay is set to 0 seconds

2019-06-14 08:18:25 - [MESSAGE][PASSED] - Browser is opened with url: 'http://technet-k8s.hds-cloudconnect.com:32000/'

2019-06-14 08:18:25 - [TEST_STEP][PASSED] - verifyElementText(findTestObject("Page_Weather Application/h1_England"), "England"): Actual text and expected text of test object 'Object Repository/Page_Weather Application/h1_England' are matched.

2019-06-14 08:18:25 - [MESSAGE][PASSED] - Actual text and expected text of test object 'Object Repository/Page_Weather Application/h1_England' are matched.

2019-06-14 08:18:25 - [TEST_STEP][PASSED] - closeBrowser(): Browser is closed

2019-06-14 08:18:26 - [MESSAGE][PASSED] - Browser is closed</system-out>
            <system-err></system-err>
        </testcase>
        <testcase name="Test Cases/MVP_weather_Testcase2" classname="Test Cases/MVP_weather_Testcase2" status="PASSED">
            <system-out>2019-06-14 08:18:26 - [TEST_CASE][PASSED] - Test Cases/MVP_weather_Testcase2: Test Cases/MVP_weather_Testcase2

2019-06-14 08:18:27 - [TEST_STEP][PASSED] - openBrowser(""): Browser is opened with url: ''

2019-06-14 08:18:27 - [MESSAGE][INFO] - Starting 'Firefox' driver

2019-06-14 08:18:30 - [MESSAGE][PASSED] - Browser is opened with url: ''

2019-06-14 08:18:30 - [TEST_STEP][PASSED] - navigateToUrl("http://technet-k8s.hds-cloudconnect.com:32000/#"): Navigate to 'http://technet-k8s.hds-cloudconnect.com:32000/#' successfully

2019-06-14 08:18:30 - [MESSAGE][PASSED] - Navigate to 'http://technet-k8s.hds-cloudconnect.com:32000/#' successfully

2019-06-14 08:18:30 - [TEST_STEP][PASSED] - verifyElementText(findTestObject("Page_Weather Application/a_Weather App"), "Weather App"): Actual text and expected text of test object 'Object Repository/Page_Weather Application/a_Weather App' are matched.

2019-06-14 08:18:30 - [MESSAGE][PASSED] - Actual text and expected text of test object 'Object Repository/Page_Weather Application/a_Weather App' are matched.

2019-06-14 08:18:30 - [TEST_STEP][PASSED] - closeBrowser(): Browser is closed

2019-06-14 08:18:31 - [MESSAGE][PASSED] - Browser is closed</system-out>
            <system-err></system-err>
        </testcase>
        <testcase name="Test Cases/MVP_weather_Testcase3" classname="Test Cases/MVP_weather_Testcase3" status="PASSED">
            <system-out>2019-06-14 08:18:31 - [TEST_CASE][PASSED] - Test Cases/MVP_weather_Testcase3: Test Cases/MVP_weather_Testcase3

2019-06-14 08:18:31 - [TEST_STEP][PASSED] - openBrowser(""): Browser is opened with url: ''

2019-06-14 08:18:31 - [MESSAGE][INFO] - Starting 'Firefox' driver

2019-06-14 08:18:34 - [MESSAGE][PASSED] - Browser is opened with url: ''

2019-06-14 08:18:34 - [TEST_STEP][PASSED] - navigateToUrl("http://technet-k8s.hds-cloudconnect.com:32000/#"): Navigate to 'http://technet-k8s.hds-cloudconnect.com:32000/#' successfully

2019-06-14 08:18:36 - [MESSAGE][PASSED] - Navigate to 'http://technet-k8s.hds-cloudconnect.com:32000/#' successfully

2019-06-14 08:18:36 - [TEST_STEP][PASSED] - verifyElementText(findTestObject("Page_Weather Application/a_Weather App"), "Weather App"): Actual text and expected text of test object 'Object Repository/Page_Weather Application/a_Weather App' are matched.

2019-06-14 08:18:37 - [MESSAGE][PASSED] - Actual text and expected text of test object 'Object Repository/Page_Weather Application/a_Weather App' are matched.

2019-06-14 08:18:37 - [TEST_STEP][PASSED] - closeBrowser(): Browser is closed

2019-06-14 08:18:38 - [MESSAGE][PASSED] - Browser is closed</system-out>
            <system-err></system-err>
        </testcase>
        <system-out>2019-06-14 08:18:06 - [TEST_SUITE][INCOMPLETE] - MVP Run: null</system-out>
        <system-err>2019-06-14 08:18:06 - [TEST_SUITE][INCOMPLETE] - MVP Run: null</system-err>
    </testsuite>
</testsuites>
