<?xml version="1.0" encoding="UTF-8" standalone="yes"?>
<testsuites name="MVP Run" time="22" tests="3" failures="0" errors="0">
    <testsuite name="MVP Run" tests="3" failures="0" errors="0" time="22" timestamp="2019-07-02 17:16:46" hostname="future.wei - TNNB1017.technet-asia.com" id="Test Suites/MVP Run">
        <properties>
            <property name="deviceName" value=""/>
            <property name="devicePlatform" value=""/>
            <property name="logFolder" value="C:\\Users\\future.wei\\Katalon Studio\\MVP\\Reports\\MVP Run\\20190702_171643"/>
            <property name="logFiles" value="C:\\Users\\future.wei\\Katalon Studio\\MVP\\Reports\\MVP Run\\20190702_171643\\execution0.log"/>
            <property name="attachments" value="C:\\Users\\future.wei\\Katalon Studio\\MVP\\Reports\\MVP Run\\20190702_171643\\1562059019256.png, C:\\Users\\future.wei\\Katalon Studio\\MVP\\Reports\\MVP Run\\20190702_171643\\1562059019675.png"/>
            <property name="hostName" value="future.wei - TNNB1017.technet-asia.com"/>
            <property name="os" value="Windows 7 64bit"/>
            <property name="katalonVersion" value="6.1.5.3"/>
            <property name="browser" value="Chrome 75.0.3770.100"/>
            <property name="hostAddress" value="192.168.56.1"/>
            <property name="sessionId" value="d8d1b16665149dad8ae4edb55d5d6994"/>
            <property name="seleniumVersion" value="3.7.1"/>
            <property name="proxyInformation" value="ProxyInformation{proxyOption=NO_PROXY, proxyServerType=HTTP, password=, proxyServerAddress=, proxyServerPort=0}"/>
            <property name="platform" value="Windows 7"/>
        </properties>
        <testcase name="Test Cases/MVP_weather_Testcase1" classname="Test Cases/MVP_weather_Testcase1" status="PASSED">
            <system-out>2019-07-02 17:16:46 - [TEST_CASE][PASSED] - Test Cases/MVP_weather_Testcase1: Test Cases/MVP_weather_Testcase1&#xD;
&#xD;
2019-07-02 17:16:47 - [TEST_STEP][PASSED] - openBrowser("http://technet-k8s.hds-cloudconnect.com:32000/"): Browser is opened with url: 'http://technet-k8s.hds-cloudconnect.com:32000/'&#xD;
&#xD;
2019-07-02 17:16:47 - [MESSAGE][INFO] - Starting 'Chrome' driver&#xD;
&#xD;
2019-07-02 17:16:47 - [MESSAGE][INFO] - Action delay is set to 0 seconds&#xD;
&#xD;
2019-07-02 17:16:53 - [MESSAGE][PASSED] - Browser is opened with url: 'http://technet-k8s.hds-cloudconnect.com:32000/'&#xD;
&#xD;
2019-07-02 17:16:53 - [TEST_STEP][PASSED] - verifyElementText(findTestObject("Page_Weather Application/h1_England"), "England"): Actual text and expected text of test object 'Object Repository/Page_Weather Application/h1_England' are matched.&#xD;
&#xD;
2019-07-02 17:16:54 - [MESSAGE][PASSED] - Actual text and expected text of test object 'Object Repository/Page_Weather Application/h1_England' are matched.&#xD;
&#xD;
2019-07-02 17:16:54 - [TEST_STEP][PASSED] - closeBrowser(): Browser is closed&#xD;
&#xD;
2019-07-02 17:16:54 - [MESSAGE][PASSED] - Browser is closed</system-out>
            <system-err></system-err>
        </testcase>
        <testcase name="Test Cases/MVP_weather_Testcase2" classname="Test Cases/MVP_weather_Testcase2" status="PASSED">
            <system-out>2019-07-02 17:16:55 - [TEST_CASE][PASSED] - Test Cases/MVP_weather_Testcase2: Test Cases/MVP_weather_Testcase2&#xD;
&#xD;
2019-07-02 17:16:55 - [TEST_STEP][PASSED] - openBrowser(""): Browser is opened with url: ''&#xD;
&#xD;
2019-07-02 17:16:55 - [MESSAGE][INFO] - Starting 'Chrome' driver&#xD;
&#xD;
2019-07-02 17:16:58 - [MESSAGE][PASSED] - Browser is opened with url: ''&#xD;
&#xD;
2019-07-02 17:16:58 - [TEST_STEP][PASSED] - navigateToUrl("https://www.google.com/?gws_rd=ssl"): Navigate to 'https://www.google.com/?gws_rd=ssl' successfully&#xD;
&#xD;
2019-07-02 17:16:59 - [MESSAGE][PASSED] - Navigate to 'https://www.google.com/?gws_rd=ssl' successfully&#xD;
&#xD;
2019-07-02 17:16:59 - [TEST_STEP][PASSED] - takeScreenshot(): Taking screenshot successfully&#xD;
&#xD;
2019-07-02 17:16:59 - [MESSAGE][PASSED] - Taking screenshot successfully&#xD;
[[ATTACHMENT|C:\\Users\\future.wei\\Katalon Studio\\MVP\\Reports\\MVP Run\\20190702_171643\\1562059019256.png]]&#xD;
&#xD;
2019-07-02 17:16:59 - [TEST_STEP][PASSED] - takeScreenshot(): Taking screenshot successfully&#xD;
&#xD;
2019-07-02 17:17:00 - [MESSAGE][PASSED] - Taking screenshot successfully&#xD;
[[ATTACHMENT|C:\\Users\\future.wei\\Katalon Studio\\MVP\\Reports\\MVP Run\\20190702_171643\\1562059019675.png]]&#xD;
&#xD;
2019-07-02 17:17:00 - [TEST_STEP][PASSED] - waitForImagePresent(findTestObject("Object Repository/Page_Weather Application/TEST/Page_Google/img__hplogo"), 60): Image: 'C:\Users\future.wei\Desktop\googlelogo_color_272x92dp.png' is present&#xD;
&#xD;
2019-07-02 17:17:01 - [MESSAGE][PASSED] - Image: 'C:\Users\future.wei\Desktop\googlelogo_color_272x92dp.png' is present&#xD;
&#xD;
2019-07-02 17:17:01 - [TEST_STEP][PASSED] - verifyImagePresent(findTestObject("Object Repository/Page_Weather Application/TEST/Page_Google/img__hplogo"), STOP_ON_FAILURE): Image: 'C:\Users\future.wei\Desktop\googlelogo_color_272x92dp.png' is present&#xD;
&#xD;
2019-07-02 17:17:01 - [MESSAGE][PASSED] - Image: 'C:\Users\future.wei\Desktop\googlelogo_color_272x92dp.png' is present</system-out>
            <system-err></system-err>
        </testcase>
        <testcase name="Test Cases/MVP_weather_Testcase3" classname="Test Cases/MVP_weather_Testcase3" status="PASSED">
            <system-out>2019-07-02 17:17:01 - [TEST_CASE][PASSED] - Test Cases/MVP_weather_Testcase3: Test Cases/MVP_weather_Testcase3&#xD;
&#xD;
2019-07-02 17:17:02 - [TEST_STEP][PASSED] - openBrowser(""): Browser is opened with url: ''&#xD;
&#xD;
2019-07-02 17:17:02 - [MESSAGE][WARNING] - A browser is already opened. Closing browser and opening a new one&#xD;
&#xD;
2019-07-02 17:17:03 - [MESSAGE][INFO] - Starting 'Chrome' driver&#xD;
&#xD;
2019-07-02 17:17:06 - [MESSAGE][PASSED] - Browser is opened with url: ''&#xD;
&#xD;
2019-07-02 17:17:06 - [TEST_STEP][PASSED] - navigateToUrl("http://technet-k8s.hds-cloudconnect.com:32001/"): Navigate to 'http://technet-k8s.hds-cloudconnect.com:32001/' successfully&#xD;
&#xD;
2019-07-02 17:17:06 - [MESSAGE][PASSED] - Navigate to 'http://technet-k8s.hds-cloudconnect.com:32001/' successfully&#xD;
&#xD;
2019-07-02 17:17:06 - [TEST_STEP][PASSED] - waitForElementPresent(findTestObject("Object Repository/Page_Weather Application/Page_Weather Application/span_England_us"), 5): Object 'Object Repository/Page_Weather Application/Page_Weather Application/span_England_us' is present&#xD;
&#xD;
2019-07-02 17:17:06 - [MESSAGE][PASSED] - Object 'Object Repository/Page_Weather Application/Page_Weather Application/span_England_us' is present&#xD;
&#xD;
2019-07-02 17:17:06 - [TEST_STEP][PASSED] - click(findTestObject("Object Repository/Page_Weather Application/Page_Weather Application/span_England_us"), STOP_ON_FAILURE): Object: 'Object Repository/Page_Weather Application/Page_Weather Application/span_England_us' is clicked on&#xD;
&#xD;
2019-07-02 17:17:06 - [MESSAGE][PASSED] - Object: 'Object Repository/Page_Weather Application/Page_Weather Application/span_England_us' is clicked on&#xD;
&#xD;
2019-07-02 17:17:06 - [TEST_STEP][PASSED] - waitForElementPresent(findTestObject("Object Repository/Page_Weather Application/Page_Weather Application/h1_United States of America"), 0): Object 'Object Repository/Page_Weather Application/Page_Weather Application/h1_United States of America' is present&#xD;
&#xD;
2019-07-02 17:17:06 - [MESSAGE][WARNING] - Timeout '0' is invalid. Using default page load timeout: '30'&#xD;
&#xD;
2019-07-02 17:17:06 - [MESSAGE][PASSED] - Object 'Object Repository/Page_Weather Application/Page_Weather Application/h1_United States of America' is present&#xD;
&#xD;
2019-07-02 17:17:06 - [TEST_STEP][PASSED] - click(findTestObject("Object Repository/Page_Weather Application/Page_Weather Application/span_United States of America_fr")): Object: 'Object Repository/Page_Weather Application/Page_Weather Application/span_United States of America_fr' is clicked on&#xD;
&#xD;
2019-07-02 17:17:07 - [MESSAGE][PASSED] - Object: 'Object Repository/Page_Weather Application/Page_Weather Application/span_United States of America_fr' is clicked on&#xD;
&#xD;
2019-07-02 17:17:07 - [TEST_STEP][PASSED] - waitForElementPresent(findTestObject("Object Repository/Page_Weather Application/Page_Weather Application/h1_France"), 0): Object 'Object Repository/Page_Weather Application/Page_Weather Application/h1_France' is present&#xD;
&#xD;
2019-07-02 17:17:07 - [MESSAGE][WARNING] - Timeout '0' is invalid. Using default page load timeout: '30'&#xD;
&#xD;
2019-07-02 17:17:07 - [MESSAGE][PASSED] - Object 'Object Repository/Page_Weather Application/Page_Weather Application/h1_France' is present&#xD;
&#xD;
2019-07-02 17:17:07 - [TEST_STEP][PASSED] - verifyElementText(findTestObject("Object Repository/Page_Weather Application/Page_Weather Application/h1_France"), "France"): Actual text and expected text of test object 'Object Repository/Page_Weather Application/Page_Weather Application/h1_France' are matched.&#xD;
&#xD;
2019-07-02 17:17:07 - [MESSAGE][PASSED] - Actual text and expected text of test object 'Object Repository/Page_Weather Application/Page_Weather Application/h1_France' are matched.&#xD;
&#xD;
2019-07-02 17:17:07 - [TEST_STEP][PASSED] - click(findTestObject("Object Repository/Page_Weather Application/Page_Weather Application/span_France_en")): Object: 'Object Repository/Page_Weather Application/Page_Weather Application/span_France_en' is clicked on&#xD;
&#xD;
2019-07-02 17:17:07 - [MESSAGE][PASSED] - Object: 'Object Repository/Page_Weather Application/Page_Weather Application/span_France_en' is clicked on&#xD;
&#xD;
2019-07-02 17:17:07 - [TEST_STEP][PASSED] - waitForElementPresent(findTestObject("Object Repository/Page_Weather Application/Page_Weather Application/h1_England"), 0): Object 'Object Repository/Page_Weather Application/Page_Weather Application/h1_England' is present&#xD;
&#xD;
2019-07-02 17:17:07 - [MESSAGE][WARNING] - Timeout '0' is invalid. Using default page load timeout: '30'&#xD;
&#xD;
2019-07-02 17:17:07 - [MESSAGE][PASSED] - Object 'Object Repository/Page_Weather Application/Page_Weather Application/h1_England' is present&#xD;
&#xD;
2019-07-02 17:17:07 - [TEST_STEP][PASSED] - verifyElementText(findTestObject("Object Repository/Page_Weather Application/Page_Weather Application/h1_England"), "England"): Actual text and expected text of test object 'Object Repository/Page_Weather Application/Page_Weather Application/h1_England' are matched.&#xD;
&#xD;
2019-07-02 17:17:07 - [MESSAGE][PASSED] - Actual text and expected text of test object 'Object Repository/Page_Weather Application/Page_Weather Application/h1_England' are matched.&#xD;
&#xD;
2019-07-02 17:17:07 - [TEST_STEP][PASSED] - closeBrowser(): Browser is closed&#xD;
&#xD;
2019-07-02 17:17:08 - [MESSAGE][PASSED] - Browser is closed</system-out>
            <system-err></system-err>
        </testcase>
        <system-out>2019-07-02 17:16:46 - [TEST_SUITE][INCOMPLETE] - MVP Run: null</system-out>
        <system-err>2019-07-02 17:16:46 - [TEST_SUITE][INCOMPLETE] - MVP Run: null</system-err>
    </testsuite>
</testsuites>
