<?xml version="1.0" encoding="UTF-8" standalone="yes"?>
<testsuites name="MVP Run" time="13" tests="2" failures="0" errors="0">
    <testsuite name="MVP Run" tests="2" failures="0" errors="0" time="13" timestamp="2019-06-14 12:02:23" hostname="future.wei - TNNB1017.technet-asia.com" id="Test Suites/MVP Run">
        <properties>
            <property name="deviceName" value=""/>
            <property name="devicePlatform" value=""/>
            <property name="logFolder" value="C:\\Users\\future.wei\\Katalon Studio\\MVP\\Reports\\MVP Run\\20190614_120220"/>
            <property name="logFiles" value="C:\\Users\\future.wei\\Katalon Studio\\MVP\\Reports\\MVP Run\\20190614_120220\\execution0.log"/>
            <property name="attachments" value=""/>
            <property name="hostName" value="future.wei - TNNB1017.technet-asia.com"/>
            <property name="os" value="Windows 7 64bit"/>
            <property name="katalonVersion" value="6.1.5.3"/>
            <property name="browser" value="Chrome 75.0.3770.80"/>
            <property name="hostAddress" value="192.168.56.1"/>
            <property name="sessionId" value="f1221fb99efa199bcea064812af83b49"/>
            <property name="seleniumVersion" value="3.7.1"/>
            <property name="proxyInformation" value="ProxyInformation{proxyOption=NO_PROXY, proxyServerType=HTTP, password=, proxyServerAddress=, proxyServerPort=0}"/>
            <property name="platform" value="Windows 7"/>
        </properties>
        <testcase name="Test Cases/MVP weather" classname="Test Cases/MVP weather" status="PASSED">
            <system-out>2019-06-14 12:02:24 - [TEST_CASE][PASSED] - Test Cases/MVP weather: Test Cases/MVP weather&#xD;
&#xD;
2019-06-14 12:02:24 - [TEST_STEP][PASSED] - openBrowser("http://technet-k8s.hds-cloudconnect.com:32000/"): Browser is opened with url: 'http://technet-k8s.hds-cloudconnect.com:32000/'&#xD;
&#xD;
2019-06-14 12:02:25 - [MESSAGE][INFO] - Starting 'Chrome (headless)' driver&#xD;
&#xD;
2019-06-14 12:02:25 - [MESSAGE][INFO] - Action delay is set to 0 seconds&#xD;
&#xD;
2019-06-14 12:02:30 - [MESSAGE][PASSED] - Browser is opened with url: 'http://technet-k8s.hds-cloudconnect.com:32000/'&#xD;
&#xD;
2019-06-14 12:02:30 - [TEST_STEP][PASSED] - verifyElementText(findTestObject("Page_Weather Application/h1_England"), "England"): Actual text and expected text of test object 'Object Repository/Page_Weather Application/h1_England' are matched.&#xD;
&#xD;
2019-06-14 12:02:31 - [MESSAGE][PASSED] - Actual text and expected text of test object 'Object Repository/Page_Weather Application/h1_England' are matched.&#xD;
&#xD;
2019-06-14 12:02:31 - [TEST_STEP][PASSED] - closeBrowser(): Browser is closed&#xD;
&#xD;
2019-06-14 12:02:32 - [MESSAGE][PASSED] - Browser is closed</system-out>
            <system-err></system-err>
        </testcase>
        <testcase name="Test Cases/MVP weather Testcase2" classname="Test Cases/MVP weather Testcase2" status="PASSED">
            <system-out>2019-06-14 12:02:32 - [TEST_CASE][PASSED] - Test Cases/MVP weather Testcase2: Test Cases/MVP weather Testcase2&#xD;
&#xD;
2019-06-14 12:02:32 - [TEST_STEP][PASSED] - openBrowser(""): Browser is opened with url: ''&#xD;
&#xD;
2019-06-14 12:02:32 - [MESSAGE][INFO] - Starting 'Chrome (headless)' driver&#xD;
&#xD;
2019-06-14 12:02:34 - [MESSAGE][PASSED] - Browser is opened with url: ''&#xD;
&#xD;
2019-06-14 12:02:34 - [TEST_STEP][PASSED] - navigateToUrl("http://technet-k8s.hds-cloudconnect.com:32000/#"): Navigate to 'http://technet-k8s.hds-cloudconnect.com:32000/#' successfully&#xD;
&#xD;
2019-06-14 12:02:35 - [MESSAGE][PASSED] - Navigate to 'http://technet-k8s.hds-cloudconnect.com:32000/#' successfully&#xD;
&#xD;
2019-06-14 12:02:35 - [TEST_STEP][PASSED] - verifyElementText(findTestObject("Page_Weather Application/a_Weather App"), "Weather App"): Actual text and expected text of test object 'Object Repository/Page_Weather Application/a_Weather App' are matched.&#xD;
&#xD;
2019-06-14 12:02:36 - [MESSAGE][PASSED] - Actual text and expected text of test object 'Object Repository/Page_Weather Application/a_Weather App' are matched.&#xD;
&#xD;
2019-06-14 12:02:36 - [TEST_STEP][PASSED] - closeBrowser(): Browser is closed&#xD;
&#xD;
2019-06-14 12:02:36 - [MESSAGE][PASSED] - Browser is closed</system-out>
            <system-err></system-err>
        </testcase>
        <system-out>2019-06-14 12:02:23 - [TEST_SUITE][INCOMPLETE] - MVP Run: null</system-out>
        <system-err>2019-06-14 12:02:23 - [TEST_SUITE][INCOMPLETE] - MVP Run: null</system-err>
    </testsuite>
</testsuites>
